#
# A fatal error has been detected by the Java Runtime Environment:
#
#  EXCEPTION_ACCESS_VIOLATION (0xc0000005) at pc=0x00000007, pid=10772, tid=0x000010b4
#
# JRE version: Java(TM) SE Runtime Environment (8.0_291-b10) (build 1.8.0_291-b10)
# Java VM: Java HotSpot(TM) Client VM (25.291-b10 mixed mode, sharing windows-x86 )
# Problematic frame:
# C  0x00000007
#
# Failed to write core dump. Minidumps are not enabled by default on client versions of Windows
#
# If you would like to submit a bug report, please visit:
#   http://bugreport.java.com/bugreport/crash.jsp
# The crash happened outside the Java Virtual Machine in native code.
# See problematic frame for where to report the bug.
#

---------------  T H R E A D  ---------------

Current thread (0x007ebc00):  JavaThread "main" [_thread_in_native, id=4276, stack(0x00df0000,0x00e40000)]

siginfo: ExceptionCode=0xc0000005, ExceptionInformation=0x00000008 0x00000007

Registers:
EAX=0x049d48f0, EBX=0x00e3e208, ECX=0x04a0ebd0, EDX=0x02390000
ESP=0x00e3df60, EBP=0x00e3e14c, ESI=0x00000000, EDI=0x00e3e228
EIP=0x00000007, EFLAGS=0x00010293

Top of Stack: (sp=0x00e3df60)
0x00e3df60:   733b0cb6 00e3e250 00e3e208 00e3e2bc
0x00e3df70:   00000000 00000000 00000000 00000000
0x00e3df80:   00000000 00000000 00e3e278 00e3e228
0x00e3df90:   007d7588 00e3e2bc 00000000 758c7580
0x00e3dfa0:   00000064 00000000 00000064 00000000
0x00e3dfb0:   04a5cbb8 00000049 00000000 004b009d
0x00e3dfc0:   04ab37c8 04ab4c98 04a5cba8 00a50000
0x00e3dfd0:   77873c16 00e3dff0 77873c16 00000000 

Instructions: (pc=0x00000007)
0xffffffe7:   


Register to memory mapping:

EAX=0x049d48f0 is an unknown value
EBX=0x00e3e208 is pointing into the stack for thread: 0x007ebc00
ECX=0x04a0ebd0 is an unknown value
EDX=0x02390000 is an unknown value
ESP=0x00e3df60 is pointing into the stack for thread: 0x007ebc00
EBP=0x00e3e14c is pointing into the stack for thread: 0x007ebc00
ESI=0x00000000 is an unknown value
EDI=0x00e3e228 is pointing into the stack for thread: 0x007ebc00


Stack: [0x00df0000,0x00e40000],  sp=0x00e3df60,  free space=311k
Native frames: (J=compiled Java code, j=interpreted, Vv=VM code, C=native code)
C  0x00000007
C  [MozartBreathCore.dll+0x1a3d6d]
C  [java.dll+0x9867]

Java frames: (J=compiled Java code, j=interpreted, Vv=VM code)
j  java.io.WinNTFileSystem.canonicalize0(Ljava/lang/String;)Ljava/lang/String;+0
j  java.io.WinNTFileSystem.canonicalize(Ljava/lang/String;)Ljava/lang/String;+298
j  java.io.File.getCanonicalPath()Ljava/lang/String;+27
j  sun.usagetracker.UsageTrackerClient.registerUsage(J)V+12
j  sun.usagetracker.UsageTrackerClient.setupAndTimestamp(J)V+32
j  sun.usagetracker.UsageTrackerClient.access$000(Lsun/usagetracker/UsageTrackerClient;J)V+2
j  sun.usagetracker.UsageTrackerClient$4.run()Ljava/lang/Void;+24
j  sun.usagetracker.UsageTrackerClient$4.run()Ljava/lang/Object;+1
v  ~StubRoutines::call_stub
j  java.security.AccessController.doPrivileged(Ljava/security/PrivilegedAction;)Ljava/lang/Object;+0
j  sun.usagetracker.UsageTrackerClient.run(Ljava/lang/String;Ljava/lang/String;)V+42
j  sun.misc.PostVMInitHook.trackJavaUsage()V+49
j  sun.misc.PostVMInitHook.run()V+0
v  ~StubRoutines::call_stub

---------------  P R O C E S S  ---------------

Java Threads: ( => current thread )
  0x1559b000 JavaThread "Service Thread" daemon [_thread_blocked, id=12532, stack(0x15eb0000,0x15f00000)]
  0x15592800 JavaThread "C1 CompilerThread0" daemon [_thread_blocked, id=14580, stack(0x15e20000,0x15e70000)]
  0x15591000 JavaThread "Attach Listener" daemon [_thread_blocked, id=300, stack(0x15760000,0x157b0000)]
  0x15590800 JavaThread "Signal Dispatcher" daemon [_thread_blocked, id=13932, stack(0x156d0000,0x15720000)]
  0x00873000 JavaThread "Finalizer" daemon [_thread_blocked, id=10608, stack(0x152a0000,0x152f0000)]
  0x00816400 JavaThread "Reference Handler" daemon [_thread_blocked, id=3976, stack(0x150f0000,0x15140000)]
=>0x007ebc00 JavaThread "main" [_thread_in_native, id=4276, stack(0x00df0000,0x00e40000)]

Other Threads:
  0x00811c00 VMThread [stack: 0x15060000,0x150b0000] [id=8716]

VM state:not at safepoint (normal execution)

VM Mutex/Monitor currently owned by a thread: None

Heap:
 def new generation   total 4928K, used 941K [0x04c00000, 0x05150000, 0x0a150000)
  eden space 4416K,  21% used [0x04c00000, 0x04ceb640, 0x05050000)
  from space 512K,   0% used [0x05050000, 0x05050000, 0x050d0000)
  to   space 512K,   0% used [0x050d0000, 0x050d0000, 0x05150000)
 tenured generation   total 10944K, used 0K [0x0a150000, 0x0ac00000, 0x14c00000)
   the space 10944K,   0% used [0x0a150000, 0x0a150000, 0x0a150200, 0x0ac00000)
 Metaspace       used 79K, capacity 2240K, committed 2240K, reserved 4480K

Card table byte_map: [0x04ad0000,0x04b60000] byte_map_base: 0x04aaa000

Polling page: 0x00a40000

CodeCache: size=32768Kb used=659Kb max_used=659Kb free=32108Kb
 bounds [0x025f0000, 0x02698000, 0x045f0000]
 total_blobs=140 nmethods=3 adapters=69
 compilation: enabled

Compilation events (6 events):
Event: 0.109 Thread 0x15592800    1             java.lang.String::hashCode (55 bytes)
Event: 0.109 Thread 0x15592800 nmethod 1 0x026942c8 code [0x026943c0, 0x02694490]
Event: 0.109 Thread 0x15592800    2             java.io.WinNTFileSystem::normalize (143 bytes)
Event: 0.110 Thread 0x15592800 nmethod 2 0x02694548 code [0x02694690, 0x0269490c]
Event: 0.110 Thread 0x15592800    3             java.lang.String::indexOf (70 bytes)
Event: 0.110 Thread 0x15592800 nmethod 3 0x02694bc8 code [0x02694cd0, 0x02694dfc]

GC Heap History (0 events):
No events

Deoptimization events (0 events):
No events

Classes redefined (0 events):
No events

Internal exceptions (2 events):
Event: 0.025 Thread 0x007ebc00 Exception <a 'java/lang/NoSuchMethodError': Method sun.misc.Unsafe.defineClass(Ljava/lang/String;[BII)Ljava/lang/Class; name or signature does not match> (0x04c079f8) thrown at [C:\jenkins\workspace\8-2-build-windows-i586-cygwin\jdk8u291\1294\hotspot\src\
Event: 0.025 Thread 0x007ebc00 Exception <a 'java/lang/NoSuchMethodError': Method sun.misc.Unsafe.prefetchRead(Ljava/lang/Object;J)V name or signature does not match> (0x04c07cc8) thrown at [C:\jenkins\workspace\8-2-build-windows-i586-cygwin\jdk8u291\1294\hotspot\src\share\vm\prims\jni

Events (10 events):
Event: 0.107 Thread 0x15590800 Thread added: 0x15590800
Event: 0.108 Thread 0x15591000 Thread added: 0x15591000
Event: 0.108 Thread 0x15592800 Thread added: 0x15592800
Event: 0.108 Thread 0x1559b000 Thread added: 0x1559b000
Event: 0.108 loading class sun/misc/PostVMInitHook$2
Event: 0.108 loading class sun/misc/PostVMInitHook$2 done
Event: 0.108 loading class jdk/internal/util/EnvUtils
Event: 0.108 loading class jdk/internal/util/EnvUtils done
Event: 0.108 loading class sun/misc/PostVMInitHook$1
Event: 0.108 loading class sun/misc/PostVMInitHook$1 done


Dynamic libraries:
0x00f40000 - 0x00f7e000 	D:\env\jdk8\jre\bin\java.exe
0x77830000 - 0x779d3000 	C:\Windows\SYSTEM32\ntdll.dll
0x762a0000 - 0x76390000 	C:\Windows\System32\KERNEL32.DLL
0x768f0000 - 0x76b05000 	C:\Windows\System32\KERNELBASE.dll
0x6aa40000 - 0x6aadf000 	C:\Windows\SYSTEM32\apphelp.dll
0x75980000 - 0x759fa000 	C:\Windows\System32\ADVAPI32.dll
0x75880000 - 0x7593f000 	C:\Windows\System32\msvcrt.dll
0x76b10000 - 0x76b85000 	C:\Windows\System32\sechost.dll
0x75e70000 - 0x75f2f000 	C:\Windows\System32\RPCRT4.dll
0x76be0000 - 0x76d81000 	C:\Windows\System32\USER32.dll
0x77120000 - 0x77138000 	C:\Windows\System32\win32u.dll
0x75e40000 - 0x75e64000 	C:\Windows\System32\GDI32.dll
0x757a0000 - 0x7587c000 	C:\Windows\System32\gdi32full.dll
0x75f30000 - 0x75fab000 	C:\Windows\System32\msvcp_win.dll
0x77140000 - 0x77260000 	C:\Windows\System32\ucrtbase.dll
0x72ea0000 - 0x730b0000 	C:\Windows\WinSxS\x86_microsoft.windows.common-controls_6595b64144ccf1df_6.0.19041.1110_none_a8625c1886757984\COMCTL32.dll
0x76610000 - 0x76635000 	C:\Windows\System32\IMM32.DLL
0x754d0000 - 0x75532000 	C:\Windows\LVUAAgentInstBaseRoot\syswow64\Vozokopot.dll
0x72050000 - 0x72063000 	D:\env\jdk8\jre\bin\vcruntime140.dll
0x68da0000 - 0x68e0f000 	D:\env\jdk8\jre\bin\msvcp140.dll
0x684a0000 - 0x6887e000 	D:\env\jdk8\jre\bin\client\jvm.dll
0x770a0000 - 0x770a6000 	C:\Windows\System32\PSAPI.DLL
0x756d0000 - 0x756d8000 	C:\Windows\SYSTEM32\VERSION.dll
0x72e90000 - 0x72e98000 	C:\Windows\SYSTEM32\WSOCK32.dll
0x74480000 - 0x744a8000 	C:\Windows\SYSTEM32\WINMM.dll
0x770b0000 - 0x77113000 	C:\Windows\System32\WS2_32.dll
0x74240000 - 0x7424f000 	C:\Windows\SYSTEM32\kernel.appcore.dll
0x731e0000 - 0x7353e000 	C:\Windows\LVUAAgentInstBaseRoot\syswow64\MozartBreathCore.dll
0x76df0000 - 0x76e9f000 	C:\Windows\System32\COMDLG32.dll
0x76010000 - 0x76291000 	C:\Windows\System32\combase.dll
0x76390000 - 0x76417000 	C:\Windows\System32\shcore.dll
0x76eb0000 - 0x76ef5000 	C:\Windows\System32\SHLWAPI.dll
0x77260000 - 0x77813000 	C:\Windows\System32\SHELL32.dll
0x766a0000 - 0x76783000 	C:\Windows\System32\ole32.dll
0x756e0000 - 0x75776000 	C:\Windows\System32\OLEAUT32.dll
0x74920000 - 0x74952000 	C:\Windows\SYSTEM32\IPHLPAPI.DLL
0x731c0000 - 0x731d9000 	C:\Windows\SYSTEM32\MPR.dll
0x73120000 - 0x731b1000 	C:\Windows\SYSTEM32\DNSAPI.dll
0x75570000 - 0x7557f000 	C:\Windows\SYSTEM32\WTSAPI32.dll
0x730b0000 - 0x7311d000 	C:\Windows\SYSTEM32\WINSPOOL.DRV
0x76f00000 - 0x76f07000 	C:\Windows\System32\NSI.dll
0x72e70000 - 0x72e8b000 	C:\Windows\LVUAAgentInstBaseRoot\syswow64\MozartBreathFw.dll
0x72200000 - 0x7220d000 	D:\env\jdk8\jre\bin\verify.dll
0x72020000 - 0x72044000 	D:\env\jdk8\jre\bin\java.dll
0x72e20000 - 0x72e6e000 	C:\Windows\LVUAAgentInstBaseRoot\syswow64\MozartBreathFile.dll
0x72dc0000 - 0x72e19000 	C:\Windows\LVUAAgentInstBaseRoot\syswow64\MozartBreathPrint.dll
0x72db0000 - 0x72db6000 	C:\Windows\SYSTEM32\MSIMG32.dll
0x72cd0000 - 0x72da7000 	C:\Windows\LVUAAgentInstBaseRoot\syswow64\MozartBreathProcess.dll
0x72c80000 - 0x72ccf000 	C:\Windows\LVUAAgentInstBaseRoot\syswow64\MozartBreathBolo2.dll
0x72000000 - 0x72014000 	D:\env\jdk8\jre\bin\zip.dll
0x72c70000 - 0x72c7c000 	C:\Windows\LVUAAgentInstBaseRoot\syswow64\MozartBreathBurn.dll
0x72c20000 - 0x72c41000 	C:\Windows\LVUAAgentInstBaseRoot\syswow64\MozartBreathProtect.dll
0x74b30000 - 0x75138000 	C:\Windows\SYSTEM32\windows.storage.dll
0x74b00000 - 0x74b24000 	C:\Windows\System32\Wldp.dll
0x74ae0000 - 0x74af8000 	C:\Windows\SYSTEM32\profapi.dll
0x73c80000 - 0x73ca6000 	C:\Windows\SYSTEM32\dwmapi.dll
0x742d0000 - 0x74458000 	C:\Windows\SYSTEM32\dbghelp.dll
0x76d90000 - 0x76def000 	C:\Windows\System32\bcryptPrimitives.dll

VM Arguments:
jvm_args: -Xverify:none -XX:TieredStopAtLevel=1 
java_command: RedisApplication
java_class_path (initial): D:\code\Redis\target\classes;C:\Users\zionli\.m2\repository\org\springframework\boot\spring-boot\2.5.4\spring-boot-2.5.4.jar;C:\Users\zionli\.m2\repository\org\springframework\spring-context\5.3.9\spring-context-5.3.9.jar;C:\Users\zionli\.m2\repository\org\springframework\boot\spring-boot-autoconfigure\2.5.4\spring-boot-autoconfigure-2.5.4.jar;C:\Users\zionli\.m2\repository\ch\qos\logback\logback-classic\1.2.5\logback-classic-1.2.5.jar;C:\Users\zionli\.m2\repository\ch\qos\logback\logback-core\1.2.5\logback-core-1.2.5.jar;C:\Users\zionli\.m2\repository\org\apache\logging\log4j\log4j-to-slf4j\2.14.1\log4j-to-slf4j-2.14.1.jar;C:\Users\zionli\.m2\repository\org\apache\logging\log4j\log4j-api\2.14.1\log4j-api-2.14.1.jar;C:\Users\zionli\.m2\repository\org\slf4j\jul-to-slf4j\1.7.32\jul-to-slf4j-1.7.32.jar;C:\Users\zionli\.m2\repository\jakarta\annotation\jakarta.annotation-api\1.3.5\jakarta.annotation-api-1.3.5.jar;C:\Users\zionli\.m2\repository\org\springframework\spring-core\5.3.9\spring-core-5.3.9.jar;C:\Users\zionli\.m2\repository\org\springframework\spring-jcl\5.3.9\spring-jcl-5.3.9.jar;C:\Users\zionli\.m2\repository\org\yaml\snakeyaml\1.28\snakeyaml-1.28.jar;C:\Users\zionli\.m2\repository\org\slf4j\slf4j-api\1.7.32\slf4j-api-1.7.32.jar;C:\Users\zionli\.m2\repository\com\fasterxml\jackson\core\jackson-databind\2.12.4\jackson-databind-2.12.4.jar;C:\Users\zionli\.m2\repository\com\fasterxml\jackson\core\jackson-annotations\2.12.4\jackson-annotations-2.12.4.jar;C:\Users\zionli\.m2\repository\com\fasterxml\jackson\core\jackson-core\2.12.4\jackson-core-2.12.4.jar;C:\Users\zionli\.m2\repository\com\fasterxml\jackson\datatype\jackson-datatype-jdk8\2.12.4\jackson-datatype-jdk8-2.12.4.jar;C:\Users\zionli\.m2\repository\com\fasterxml\jackson\datatype\jackson-datatype-jsr310\2.12.4\jackson-datatype-jsr310-2.12.4.jar;C:\Users\zionli\.m2\repository\com\fasterxml\jackson\module\jackson-module-parameter-names\2.12.4\jackson-module-parameter-names-2.12.4
Launcher Type: SUN_STANDARD

Environment Variables:
JAVA_HOME=D:/env/jdk8
PATH=D:\env\Git\mingw64\bin;D:\env\Git\usr\bin;C:\Users\zionli\bin;C:\Program Files (x86)\Common Files\Oracle\Java\javapath;C:\Windows\system32;C:\Windows;C:\Windows\System32\Wbem;C:\Windows\System32\WindowsPowerShell\v1.0;C:\Windows\System32\OpenSSH;D:\env\apache-maven-3.8.2\bin;D:\env\Git\cmd;%JAVA_HOME%\bin;C:\Users\zionli\AppData\Local\Microsoft\WindowsApps;D:\env\apache-maven-3.8.2\bin;D:\env\jdk8\bin
USERNAME=zionli
OS=Windows_NT
PROCESSOR_IDENTIFIER=AMD64 Family 23 Model 96 Stepping 1, AuthenticAMD



---------------  S Y S T E M  ---------------

OS: Windows 10.0 , 64 bit Build 19041 (10.0.19041.1202)

CPU:total 12 (initial active 12) (12 cores per cpu, 1 threads per core) family 23 model 96 stepping 1, cmov, cx8, fxsr, mmx, sse, sse2, sse3, ssse3, sse4.1, sse4.2, popcnt, avx, avx2, aes, clmul, mmxext, 3dnowpref, lzcnt, sse4a, tsc, tscinvbit, tscinv, bmi1

Memory: 4k page, physical 15965876k(9126168k free), swap 18325172k(11128624k free)

vm_info: Java HotSpot(TM) Client VM (25.291-b10) for windows-x86 JRE (1.8.0_291-b10), built on Apr  9 2021 04:22:09 by "java_re" with MS VC++ 15.9 (VS2017)

time: Tue Sep 28 20:25:31 2021
timezone: 中国标准时间
elapsed time: 0.223263 seconds (0d 0h 0m 0s)

